<?xml version="1.0" encoding="UTF-8"?>
<!-- Generated by org.testng.reporters.JUnitXMLReporter -->
<testsuite ignored="0" hostname="LAPTOP-6MS1Q367" failures="0" tests="3" name="GetUsersTest" time="1.614" errors="0" timestamp="2025-08-10T11:27:14 IST">
  <testcase classname="SampleTestNGTest" name="getUsersWithId" time="1.377"/>
  <testcase classname="SampleTestNGTest" name="getUsers" time="1.377"/>
  <testcase classname="SampleTestNGTest" name="getNonFoundUsers" time="1.573"/>
</testsuite> <!-- GetUsersTest -->
