<?xml version="1.0" encoding="UTF-8"?>
<testng-results ignored="0" total="3" passed="3" failed="0" skipped="0">
  <reporter-output>
  </reporter-output>
  <suite started-at="2025-08-10T11:27:12 IST" name="APISuite" finished-at="2025-08-10T11:27:13 IST" duration-ms="1614">
    <groups>
    </groups>
    <test started-at="2025-08-10T11:27:12 IST" name="GetUsersTest" finished-at="2025-08-10T11:27:13 IST" duration-ms="1614">
      <class name="SampleTestNGTest">
        <test-method signature="getNonFoundUsers()[pri:0, instance:SampleTestNGTest@21fd5faa]" started-at="2025-08-10T11:27:12 IST" name="getNonFoundUsers" finished-at="2025-08-10T11:27:13 IST" duration-ms="1573" status="PASS">
          <reporter-output>
          </reporter-output>
        </test-method> <!-- getNonFoundUsers -->
        <test-method signature="getUsersWithId()[pri:0, instance:SampleTestNGTest@21fd5faa]" started-at="2025-08-10T11:27:12 IST" name="getUsersWithId" finished-at="2025-08-10T11:27:13 IST" duration-ms="1377" status="PASS">
          <reporter-output>
          </reporter-output>
        </test-method> <!-- getUsersWithId -->
        <test-method signature="getUsers()[pri:0, instance:SampleTestNGTest@21fd5faa]" started-at="2025-08-10T11:27:12 IST" name="getUsers" finished-at="2025-08-10T11:27:13 IST" duration-ms="1377" status="PASS">
          <reporter-output>
          </reporter-output>
        </test-method> <!-- getUsers -->
      </class> <!-- SampleTestNGTest -->
    </test> <!-- GetUsersTest -->
  </suite> <!-- APISuite -->
</testng-results>
