<?xml version="1.0" encoding="UTF-8"?>
<testsuite xmlns:xsi="http://www.w3.org/2001/XMLSchema-instance" xsi:noNamespaceSchemaLocation="https://maven.apache.org/surefire/maven-surefire-plugin/xsd/surefire-test-report-3.0.xsd" version="3.0" name="TestSuite" time="2.371" tests="3" errors="0" skipped="0" failures="0">
  <properties>
[...]
</properties>
  <testcase name="getUsersWithId" classname="SampleTestNGTest" time="1.377"/>
  <testcase name="getUsers" classname="SampleTestNGTest" time="1.379"/>
  <testcase name="getNonFoundUsers" classname="SampleTestNGTest" time="1.571"/>
</testsuite>